<?xml version="1.0" encoding="UTF-8"?>
<testng-results ignored="0" total="1" passed="1" failed="0" skipped="0">
  <reporter-output>
    <line>
      <![CDATA[bhanu]]>
    </line>
    <line>
      <![CDATA[test1...]]>
    </line>
  </reporter-output>
  <suite started-at="2023-06-23T17:43:15Z" name="Suite" finished-at="2023-06-23T17:43:31Z" duration-ms="15581">
    <groups>
    </groups>
    <test started-at="2023-06-23T17:43:15Z" name="Test" finished-at="2023-06-23T17:43:31Z" duration-ms="15581">
      <class name="script.Tesst1">
        <test-method is-config="true" signature="preCondition(java.lang.String, java.lang.String, java.lang.String, java.lang.String)[pri:0, instance:script.Tesst1@44a7bfbc]" started-at="2023-06-23T17:43:15Z" name="preCondition" finished-at="2023-06-23T17:43:29Z" duration-ms="13488" status="PASS">
          <params>
            <param index="0">
              <value>
                <![CDATA[http://www.fb.com]]>
              </value>
            </param>
            <param index="1">
              <value>
                <![CDATA[chrome]]>
              </value>
            </param>
            <param index="2">
              <value>
                <![CDATA[9]]>
              </value>
            </param>
            <param index="3">
              <value>
                <![CDATA[7]]>
              </value>
            </param>
          </params>
          <reporter-output>
          </reporter-output>
        </test-method> <!-- preCondition -->
        <test-method signature="test1()[pri:0, instance:script.Tesst1@44a7bfbc]" started-at="2023-06-23T17:43:29Z" name="test1" finished-at="2023-06-23T17:43:30Z" duration-ms="1234" status="PASS">
          <reporter-output>
            <line>
              <![CDATA[bhanu]]>
            </line>
            <line>
              <![CDATA[test1...]]>
            </line>
          </reporter-output>
        </test-method> <!-- test1 -->
        <test-method is-config="true" signature="postCondition()[pri:0, instance:script.Tesst1@44a7bfbc]" started-at="2023-06-23T17:43:30Z" name="postCondition" finished-at="2023-06-23T17:43:31Z" duration-ms="821" status="PASS">
          <reporter-output>
          </reporter-output>
        </test-method> <!-- postCondition -->
      </class> <!-- script.Tesst1 -->
    </test> <!-- Test -->
  </suite> <!-- Suite -->
</testng-results>
